d:\lasalle\9_26spring\vgp340\openmp_examples\helloomp\x64\debug\vc143.pdb
d:\lasalle\9_26spring\vgp340\openmp_examples\helloomp\x64\debug\vc143.idb
d:\lasalle\9_26spring\vgp340\openmp_examples\helloomp\x64\debug\source.obj
d:\lasalle\9_26spring\vgp340\openmp_examples\x64\debug\helloomp.exe
d:\lasalle\9_26spring\vgp340\openmp_examples\x64\debug\helloomp.pdb
c:\users\user\documents\github\vgp340\vgp340\x64\debug\helloomp.exe
c:\users\user\documents\github\vgp340\vgp340\x64\debug\helloomp.pdb
d:\lasalle\9_26spring\vgp340\openmp_examples\helloomp\x64\debug\helloomp.ilk
c:\users\user\documents\github\vgp340\vgp340\examples\openmp_examples\helloomp\x64\debug\source.obj
c:\users\user\documents\github\vgp340\vgp340\examples\openmp_examples\helloomp\x64\debug\helloomp.ilk
c:\users\user\documents\github\vgp340\vgp340\examples\openmp_examples\helloomp\x64\debug\vc143.idb
c:\users\user\documents\github\vgp340\vgp340\examples\openmp_examples\helloomp\x64\debug\vc143.pdb
c:\users\user\documents\github\vgp340\vgp340\examples\openmp_examples\helloomp\x64\debug\helloomp.tlog\cl.command.1.tlog
c:\users\user\documents\github\vgp340\vgp340\examples\openmp_examples\helloomp\x64\debug\helloomp.tlog\cl.items.tlog
c:\users\user\documents\github\vgp340\vgp340\examples\openmp_examples\helloomp\x64\debug\helloomp.tlog\cl.read.1.tlog
c:\users\user\documents\github\vgp340\vgp340\examples\openmp_examples\helloomp\x64\debug\helloomp.tlog\cl.write.1.tlog
c:\users\user\documents\github\vgp340\vgp340\examples\openmp_examples\helloomp\x64\debug\helloomp.tlog\link.command.1.tlog
c:\users\user\documents\github\vgp340\vgp340\examples\openmp_examples\helloomp\x64\debug\helloomp.tlog\link.read.1.tlog
c:\users\user\documents\github\vgp340\vgp340\examples\openmp_examples\helloomp\x64\debug\helloomp.tlog\link.secondary.1.tlog
c:\users\user\documents\github\vgp340\vgp340\examples\openmp_examples\helloomp\x64\debug\helloomp.tlog\link.write.1.tlog
